This is XeTeX, Version 3.14159265-2.6-0.99996 (MiKTeX 2.9) (preloaded format=xelatex 2016.11.5)  19 SEP 2017 22:41
entering extended mode
**"./Paper 1 Summary.tex"
("Paper 1 Summary.tex"
LaTeX2e <2016/03/31> patch level 3
Babel <3.9r> and hyphenation patterns for 75 language(s) loaded.
("E:\MiKTeX 2.9\tex\latex\base\article.cls"
Document Class: article 2014/09/29 v1.4h Standard LaTeX document class
("E:\MiKTeX 2.9\tex\latex\base\size10.clo"
File: size10.clo 2014/09/29 v1.4h Standard LaTeX file (size option)
)
\c@part=\count79
\c@section=\count80
\c@subsection=\count81
\c@subsubsection=\count82
\c@paragraph=\count83
\c@subparagraph=\count84
\c@figure=\count85
\c@table=\count86
\abovecaptionskip=\skip41
\belowcaptionskip=\skip42
\bibindent=\dimen102
)
No file "Paper 1 Summary".aux.
\openout1 = `"Paper 1 Summary.aux"'.

LaTeX Font Info:    Checking defaults for OML/cmm/m/it on input line 2.
LaTeX Font Info:    ... okay on input line 2.
LaTeX Font Info:    Checking defaults for T1/cmr/m/n on input line 2.
LaTeX Font Info:    ... okay on input line 2.
LaTeX Font Info:    Checking defaults for OT1/cmr/m/n on input line 2.
LaTeX Font Info:    ... okay on input line 2.
LaTeX Font Info:    Checking defaults for OMS/cmsy/m/n on input line 2.
LaTeX Font Info:    ... okay on input line 2.
LaTeX Font Info:    Checking defaults for OMX/cmex/m/n on input line 2.
LaTeX Font Info:    ... okay on input line 2.
LaTeX Font Info:    Checking defaults for U/cmr/m/n on input line 2.
LaTeX Font Info:    ... okay on input line 2.
LaTeX Font Info:    External font `cmex10' loaded for size
(Font)              <12> on input line 8.
LaTeX Font Info:    External font `cmex10' loaded for size
(Font)              <8> on input line 8.
LaTeX Font Info:    External font `cmex10' loaded for size
(Font)              <6> on input line 8.
[1

] ("Paper 1 Summary.aux") ) 
Here is how much of TeX's memory you used:
 222 strings out of 428408
 2227 string characters out of 3163214
 54104 words of memory out of 3000000
 3698 multiletter control sequences out of 15000+200000
 6983 words of font info for 25 fonts, out of 3000000 for 9000
 1328 hyphenation exceptions out of 8191
 23i,6n,17p,267b,187s stack positions out of 5000i,500n,10000p,200000b,50000s

Output written on Paper 1 Summary.pdf (1 page).
